AH00558: apache2: Could not reliably determine the server's fully qualified domain name, using 172.25.0.3. Set the 'ServerName' directive globally to suppress this message
[Wed Sep 20 10:19:34.479838 2023] [mpm_prefork:notice] [pid 1] AH00163: Apache/2.4.54 (Debian) PHP/7.4.33 configured -- resuming normal operations
[Wed Sep 20 10:19:34.483916 2023] [core:notice] [pid 1] AH00094: Command line: 'apache2 -D FOREGROUND'
[Wed Sep 20 10:27:24.750291 2023] [mpm_prefork:notice] [pid 1] AH00170: caught SIGWINCH, shutting down gracefully
AH00558: apache2: Could not reliably determine the server's fully qualified domain name, using 172.25.0.3. Set the 'ServerName' directive globally to suppress this message
[Wed Sep 20 10:27:33.253805 2023] [mpm_prefork:notice] [pid 1] AH00163: Apache/2.4.54 (Debian) PHP/7.4.33 configured -- resuming normal operations
[Wed Sep 20 10:27:33.254901 2023] [core:notice] [pid 1] AH00094: Command line: 'apache2 -D FOREGROUND'
[Wed Sep 20 13:30:44.197636 2023] [mpm_prefork:notice] [pid 1] AH00170: caught SIGWINCH, shutting down gracefully
AH00558: apache2: Could not reliably determine the server's fully qualified domain name, using 172.25.0.3. Set the 'ServerName' directive globally to suppress this message
[Wed Sep 20 13:40:27.383949 2023] [mpm_prefork:notice] [pid 1] AH00163: Apache/2.4.54 (Debian) PHP/7.4.33 configured -- resuming normal operations
[Wed Sep 20 13:40:27.384712 2023] [core:notice] [pid 1] AH00094: Command line: 'apache2 -D FOREGROUND'
[Wed Sep 20 13:44:02.565799 2023] [mpm_prefork:notice] [pid 1] AH00170: caught SIGWINCH, shutting down gracefully
AH00558: apache2: Could not reliably determine the server's fully qualified domain name, using 172.18.0.4. Set the 'ServerName' directive globally to suppress this message
[Tue Sep 26 14:14:59.844195 2023] [mpm_prefork:notice] [pid 1] AH00163: Apache/2.4.54 (Debian) PHP/7.4.33 configured -- resuming normal operations
[Tue Sep 26 14:14:59.849966 2023] [core:notice] [pid 1] AH00094: Command line: 'apache2 -D FOREGROUND'
[Tue Sep 26 14:16:50.409126 2023] [mpm_prefork:notice] [pid 1] AH00170: caught SIGWINCH, shutting down gracefully
AH00558: apache2: Could not reliably determine the server's fully qualified domain name, using 172.18.0.4. Set the 'ServerName' directive globally to suppress this message
[Tue Sep 26 14:17:01.712130 2023] [mpm_prefork:notice] [pid 1] AH00163: Apache/2.4.54 (Debian) PHP/7.4.33 configured -- resuming normal operations
[Tue Sep 26 14:17:01.713024 2023] [core:notice] [pid 1] AH00094: Command line: 'apache2 -D FOREGROUND'
[Tue Sep 26 14:49:34.084670 2023] [mpm_prefork:notice] [pid 1] AH00170: caught SIGWINCH, shutting down gracefully
AH00558: apache2: Could not reliably determine the server's fully qualified domain name, using 172.23.0.5. Set the 'ServerName' directive globally to suppress this message
[Tue Sep 26 14:51:26.287343 2023] [mpm_prefork:notice] [pid 1] AH00163: Apache/2.4.54 (Debian) PHP/7.4.33 configured -- resuming normal operations
[Tue Sep 26 14:51:26.288161 2023] [core:notice] [pid 1] AH00094: Command line: 'apache2 -D FOREGROUND'
[Tue Sep 26 14:53:39.087487 2023] [mpm_prefork:notice] [pid 1] AH00170: caught SIGWINCH, shutting down gracefully
AH00558: apache2: Could not reliably determine the server's fully qualified domain name, using 172.23.0.5. Set the 'ServerName' directive globally to suppress this message
[Tue Sep 26 14:56:28.094481 2023] [mpm_prefork:notice] [pid 1] AH00163: Apache/2.4.54 (Debian) PHP/7.4.33 configured -- resuming normal operations
[Tue Sep 26 14:56:28.096644 2023] [core:notice] [pid 1] AH00094: Command line: 'apache2 -D FOREGROUND'
[Tue Sep 26 14:56:37.512642 2023] [mpm_prefork:notice] [pid 1] AH00170: caught SIGWINCH, shutting down gracefully
AH00558: apache2: Could not reliably determine the server's fully qualified domain name, using 172.23.0.5. Set the 'ServerName' directive globally to suppress this message
[Tue Sep 26 14:57:32.776369 2023] [mpm_prefork:notice] [pid 1] AH00163: Apache/2.4.54 (Debian) PHP/7.4.33 configured -- resuming normal operations
[Tue Sep 26 14:57:32.781467 2023] [core:notice] [pid 1] AH00094: Command line: 'apache2 -D FOREGROUND'
[Tue Sep 26 15:19:16.677841 2023] [mpm_prefork:notice] [pid 1] AH00170: caught SIGWINCH, shutting down gracefully
AH00558: apache2: Could not reliably determine the server's fully qualified domain name, using 172.26.0.5. Set the 'ServerName' directive globally to suppress this message
[Tue Sep 26 17:37:50.470509 2023] [mpm_prefork:notice] [pid 1] AH00163: Apache/2.4.54 (Debian) PHP/7.4.33 configured -- resuming normal operations
[Tue Sep 26 17:37:50.473458 2023] [core:notice] [pid 1] AH00094: Command line: 'apache2 -D FOREGROUND'
AH00558: apache2: Could not reliably determine the server's fully qualified domain name, using 172.27.0.5. Set the 'ServerName' directive globally to suppress this message
[Tue Sep 26 18:52:05.272714 2023] [mpm_prefork:notice] [pid 1] AH00163: Apache/2.4.54 (Debian) PHP/7.4.33 configured -- resuming normal operations
[Tue Sep 26 18:52:05.275748 2023] [core:notice] [pid 1] AH00094: Command line: 'apache2 -D FOREGROUND'
[Tue Sep 26 21:18:32.968006 2023] [mpm_prefork:notice] [pid 1] AH00170: caught SIGWINCH, shutting down gracefully
AH00558: apache2: Could not reliably determine the server's fully qualified domain name, using 172.27.0.5. Set the 'ServerName' directive globally to suppress this message
[Tue Sep 26 21:21:11.128852 2023] [mpm_prefork:notice] [pid 1] AH00163: Apache/2.4.54 (Debian) PHP/7.4.33 configured -- resuming normal operations
[Tue Sep 26 21:21:11.133120 2023] [core:notice] [pid 1] AH00094: Command line: 'apache2 -D FOREGROUND'
[Tue Sep 26 21:23:51.008641 2023] [mpm_prefork:notice] [pid 1] AH00170: caught SIGWINCH, shutting down gracefully
AH00558: apache2: Could not reliably determine the server's fully qualified domain name, using 172.27.0.5. Set the 'ServerName' directive globally to suppress this message
[Tue Sep 26 21:25:27.817991 2023] [mpm_prefork:notice] [pid 1] AH00163: Apache/2.4.54 (Debian) PHP/7.4.33 configured -- resuming normal operations
[Tue Sep 26 21:25:27.821467 2023] [core:notice] [pid 1] AH00094: Command line: 'apache2 -D FOREGROUND'
[Tue Sep 26 21:51:59.627128 2023] [mpm_prefork:notice] [pid 1] AH00170: caught SIGWINCH, shutting down gracefully
AH00558: apache2: Could not reliably determine the server's fully qualified domain name, using 172.27.0.5. Set the 'ServerName' directive globally to suppress this message
[Wed Sep 27 08:26:34.845209 2023] [mpm_prefork:notice] [pid 1] AH00163: Apache/2.4.54 (Debian) PHP/7.4.33 configured -- resuming normal operations
[Wed Sep 27 08:26:34.848285 2023] [core:notice] [pid 1] AH00094: Command line: 'apache2 -D FOREGROUND'
[Wed Sep 27 08:49:13.865731 2023] [mpm_prefork:notice] [pid 1] AH00170: caught SIGWINCH, shutting down gracefully
AH00558: apache2: Could not reliably determine the server's fully qualified domain name, using 172.27.0.5. Set the 'ServerName' directive globally to suppress this message
[Wed Sep 27 08:55:25.733641 2023] [mpm_prefork:notice] [pid 1] AH00163: Apache/2.4.54 (Debian) PHP/7.4.33 configured -- resuming normal operations
[Wed Sep 27 08:55:25.743656 2023] [core:notice] [pid 1] AH00094: Command line: 'apache2 -D FOREGROUND'
[Wed Sep 27 11:42:01.975019 2023] [mpm_prefork:notice] [pid 1] AH00170: caught SIGWINCH, shutting down gracefully
AH00558: apache2: Could not reliably determine the server's fully qualified domain name, using 172.27.0.5. Set the 'ServerName' directive globally to suppress this message
[Wed Sep 27 11:42:18.685340 2023] [mpm_prefork:notice] [pid 1] AH00163: Apache/2.4.54 (Debian) PHP/7.4.33 configured -- resuming normal operations
[Wed Sep 27 11:42:18.689164 2023] [core:notice] [pid 1] AH00094: Command line: 'apache2 -D FOREGROUND'
[Wed Sep 27 20:00:26.637949 2023] [mpm_prefork:notice] [pid 1] AH00169: caught SIGTERM, shutting down
AH00558: apache2: Could not reliably determine the server's fully qualified domain name, using 172.27.0.5. Set the 'ServerName' directive globally to suppress this message
[Mon Oct 02 09:07:36.444810 2023] [mpm_prefork:notice] [pid 1] AH00163: Apache/2.4.54 (Debian) PHP/7.4.33 configured -- resuming normal operations
[Mon Oct 02 09:07:36.452397 2023] [core:notice] [pid 1] AH00094: Command line: 'apache2 -D FOREGROUND'
[Mon Oct 02 09:17:53.068062 2023] [mpm_prefork:notice] [pid 1] AH00170: caught SIGWINCH, shutting down gracefully
AH00558: apache2: Could not reliably determine the server's fully qualified domain name, using 172.27.0.5. Set the 'ServerName' directive globally to suppress this message
[Mon Oct 02 22:22:20.796447 2023] [mpm_prefork:notice] [pid 1] AH00163: Apache/2.4.54 (Debian) PHP/7.4.33 configured -- resuming normal operations
[Mon Oct 02 22:22:20.801021 2023] [core:notice] [pid 1] AH00094: Command line: 'apache2 -D FOREGROUND'
[Mon Oct 02 22:48:53.407784 2023] [mpm_prefork:notice] [pid 1] AH00170: caught SIGWINCH, shutting down gracefully
AH00558: apache2: Could not reliably determine the server's fully qualified domain name, using 172.27.0.5. Set the 'ServerName' directive globally to suppress this message
[Mon Oct 02 22:50:47.346153 2023] [mpm_prefork:notice] [pid 1] AH00163: Apache/2.4.54 (Debian) PHP/7.4.33 configured -- resuming normal operations
[Mon Oct 02 22:50:47.347282 2023] [core:notice] [pid 1] AH00094: Command line: 'apache2 -D FOREGROUND'
[Tue Oct 03 00:32:47.296658 2023] [mpm_prefork:notice] [pid 1] AH00170: caught SIGWINCH, shutting down gracefully
AH00558: apache2: Could not reliably determine the server's fully qualified domain name, using 172.18.0.5. Set the 'ServerName' directive globally to suppress this message
[Mon Oct 09 18:49:15.914697 2023] [mpm_prefork:notice] [pid 1] AH00163: Apache/2.4.54 (Debian) PHP/7.4.33 configured -- resuming normal operations
[Mon Oct 09 18:49:15.918422 2023] [core:notice] [pid 1] AH00094: Command line: 'apache2 -D FOREGROUND'
[Mon Oct 09 22:43:45.624155 2023] [mpm_prefork:notice] [pid 1] AH00170: caught SIGWINCH, shutting down gracefully
AH00558: apache2: Could not reliably determine the server's fully qualified domain name, using 172.18.0.5. Set the 'ServerName' directive globally to suppress this message
[Tue Oct 10 14:28:44.924726 2023] [mpm_prefork:notice] [pid 1] AH00163: Apache/2.4.54 (Debian) PHP/7.4.33 configured -- resuming normal operations
[Tue Oct 10 14:28:44.925989 2023] [core:notice] [pid 1] AH00094: Command line: 'apache2 -D FOREGROUND'
[Tue Oct 10 20:19:43.791474 2023] [mpm_prefork:notice] [pid 1] AH00170: caught SIGWINCH, shutting down gracefully
